<?xml version="1.0" encoding="UTF-8"?>
<!-- Generated by org.testng.reporters.JUnitReportReporter -->
<testsuite hostname="Shubham" failures="0" tests="1" name="Com.MVN.AGNhubsignup" time="10.255" errors="0" timestamp="2023-06-08T17:57:48 IST" skipped="0">
  <testcase classname="Com.MVN.AGNhubsignup" name="TestA" time="10.255"/>
  <system-out/>
</testsuite> <!-- Com.MVN.AGNhubsignup -->
