<?xml version="1.0" encoding="UTF-8"?>
<!-- Generated by org.testng.reporters.JUnitReportReporter -->
<testsuite hostname="Shubham" failures="0" tests="1" name="Com.MVN.POM_Framework_Test" time="10.362" errors="0" timestamp="2023-06-13T18:35:54 IST" skipped="0">
  <testcase classname="Com.MVN.POM_Framework_Test" name="testH" time="10.362"/>
  <system-out/>
</testsuite> <!-- Com.MVN.POM_Framework_Test -->
