<?xml version="1.0" encoding="UTF-8"?>
<!-- Generated by org.testng.reporters.JUnitReportReporter -->
<testsuite hostname="Shubham" failures="0" tests="3" name="Com.MVN.POM_Jequery_test" time="14.070" errors="0" timestamp="2023-06-12T15:26:53 IST" skipped="0">
  <testcase classname="Com.MVN.POM_Jequery_test" name="TestBefore" time="7.932"/>
  <system-out/>
  <testcase classname="Com.MVN.POM_Jequery_test" name="TestA" time="3.774"/>
  <system-out/>
  <testcase classname="Com.MVN.POM_Jequery_test" name="TestB" time="2.364"/>
  <system-out/>
</testsuite> <!-- Com.MVN.POM_Jequery_test -->
