<?xml version="1.0" encoding="UTF-8"?>
<!-- Generated by org.testng.reporters.JUnitReportReporter -->
<testsuite hostname="Shubham" failures="0" tests="2" name="Com.MVN.POM_goibibo_test" time="0.014" errors="0" timestamp="2023-06-01T14:08:29 IST" skipped="0">
  <testcase classname="Com.MVN.POM_goibibo_test" name="bloginTest" time="0.012"/>
  <system-out/>
  <testcase classname="Com.MVN.POM_goibibo_test" name="alogoutTest" time="0.002"/>
  <system-out/>
</testsuite> <!-- Com.MVN.POM_goibibo_test -->
