<?xml version="1.0" encoding="UTF-8"?>
<!-- Generated by org.testng.reporters.JUnitReportReporter -->
<testsuite hostname="Shubham" failures="0" tests="2" name="Com.MVN.POM_Jequery_test" time="4.861" errors="0" timestamp="2023-06-27T15:05:13 IST" skipped="0">
  <testcase classname="Com.MVN.POM_Jequery_test" name="TestFirst" time="3.510"/>
  <system-out/>
  <testcase classname="Com.MVN.POM_Jequery_test" name="TestB" time="1.351"/>
  <system-out/>
</testsuite> <!-- Com.MVN.POM_Jequery_test -->
