<?xml version="1.0" encoding="UTF-8"?>
<!-- Generated by org.testng.reporters.JUnitReportReporter -->
<testsuite hostname="Shubham" failures="0" tests="1" name="Com.MVN.AGNhubsignup" time="13.147" errors="0" timestamp="2023-06-27T12:49:15 IST" skipped="0">
  <testcase classname="Com.MVN.AGNhubsignup" name="TestA" time="13.147"/>
  <system-out/>
</testsuite> <!-- Com.MVN.AGNhubsignup -->
