<?xml version="1.0" encoding="UTF-8"?>
<!-- Generated by org.testng.reporters.JUnitReportReporter -->
<testsuite hostname="Shubham" failures="0" tests="2" name="Com.MVN.Testng" time="0.012" errors="0" timestamp="2023-06-02T17:15:35 IST" skipped="0">
  <testcase classname="Com.MVN.Testng" name="bloginTest" time="0.009"/>
  <system-out/>
  <testcase classname="Com.MVN.Testng" name="alogoutTest" time="0.003"/>
  <system-out/>
</testsuite> <!-- Com.MVN.Testng -->
