<?xml version="1.0" encoding="UTF-8"?>
<!-- Generated by org.testng.reporters.JUnitReportReporter -->
<testsuite hostname="Shubham" failures="0" tests="1" name="Com.MVN.VerifyTitleTest" time="14.969" errors="0" timestamp="2023-06-01T14:26:59 IST" skipped="0">
  <testcase classname="Com.MVN.VerifyTitleTest" name="titleTest" time="14.969"/>
  <system-out/>
</testsuite> <!-- Com.MVN.VerifyTitleTest -->
