<?xml version="1.0" encoding="UTF-8"?>
<!-- Generated by org.testng.reporters.JUnitReportReporter -->
<testsuite hostname="Shubham" failures="0" tests="8" name="Com.TestBluestone.POM_Framework_Test" time="303.217" errors="0" timestamp="2023-06-29T09:26:43 IST" skipped="0">
  <testcase classname="Com.TestBluestone.POM_Framework_Test" name="TestJ" time="28.601"/>
  <system-out/>
  <testcase classname="Com.TestBluestone.POM_Framework_Test" name="testF" time="40.782"/>
  <system-out/>
  <testcase classname="Com.TestBluestone.POM_Framework_Test" name="testG" time="58.118"/>
  <system-out/>
  <testcase classname="Com.TestBluestone.POM_Framework_Test" name="TestC" time="30.678"/>
  <system-out/>
  <testcase classname="Com.TestBluestone.POM_Framework_Test" name="TestD" time="45.485"/>
  <system-out/>
  <testcase classname="Com.TestBluestone.POM_Framework_Test" name="testE" time="44.506"/>
  <system-out/>
  <testcase classname="Com.TestBluestone.POM_Framework_Test" name="testH" time="27.547"/>
  <system-out/>
  <testcase classname="Com.TestBluestone.POM_Framework_Test" name="TestI" time="27.500"/>
  <system-out/>
</testsuite> <!-- Com.TestBluestone.POM_Framework_Test -->
