<?xml version="1.0" encoding="UTF-8"?>
<!-- Generated by org.testng.reporters.JUnitReportReporter -->
<testsuite hostname="Shubham" failures="0" tests="2" name="Com.TestBluestone.Test2" time="0.007" errors="0" timestamp="2023-06-27T11:50:36 IST" skipped="0">
  <testcase classname="Com.TestBluestone.Test2" name="aTestd" time="0.003"/>
  <system-out/>
  <testcase classname="Com.TestBluestone.Test2" name="aTestc" time="0.004"/>
  <system-out/>
</testsuite> <!-- Com.TestBluestone.Test2 -->
