<?xml version="1.0" encoding="UTF-8"?>
<!-- Generated by org.testng.reporters.JUnitReportReporter -->
<testsuite hostname="Shubham" failures="0" tests="3" name="Com.MVN.Testng" time="0.026" errors="0" timestamp="2023-06-27T12:46:41 IST" skipped="0">
  <testcase classname="Com.MVN.Testng" name="bloginTest" time="0.020"/>
  <system-out/>
  <testcase classname="Com.MVN.Testng" name="sampleTest" time="0.004"/>
  <system-out/>
  <testcase classname="Com.MVN.Testng" name="alogoutTest" time="0.002"/>
  <system-out/>
</testsuite> <!-- Com.MVN.Testng -->
