<?xml version="1.0" encoding="UTF-8"?>
<!-- Generated by org.testng.reporters.JUnitReportReporter -->
<testsuite hostname="Shubham" failures="0" tests="1" name="Com.MVN.testng1" time="35.939" errors="0" timestamp="2023-06-06T15:57:28 IST" skipped="0">
  <testcase classname="Com.MVN.testng1" name="testB" time="35.939"/>
  <system-out/>
</testsuite> <!-- Com.MVN.testng1 -->
