<?xml version="1.0" encoding="UTF-8"?>
<!-- Generated by org.testng.reporters.JUnitReportReporter -->
<testsuite hostname="Shubham" failures="0" tests="5" name="Com.TestBluestone.Test2" time="0.010" errors="0" timestamp="2023-06-29T08:24:19 IST" skipped="0">
  <testcase classname="Com.TestBluestone.Test2" name="aTesta" time="0.002"/>
  <system-out/>
  <testcase classname="Com.TestBluestone.Test2" name="aTestb" time="0.002"/>
  <system-out/>
  <testcase classname="Com.TestBluestone.Test2" name="aTestd" time="0.001"/>
  <system-out/>
  <testcase classname="Com.TestBluestone.Test2" name="aTestc" time="0.002"/>
  <system-out/>
  <testcase classname="Com.TestBluestone.Test2" name="aTeste" time="0.003"/>
  <system-out/>
</testsuite> <!-- Com.TestBluestone.Test2 -->
