<?xml version="1.0" encoding="UTF-8"?>
<!-- Generated by org.testng.reporters.JUnitReportReporter -->
<testsuite hostname="Shubham" failures="0" tests="5" name="Com.TestNGa.TestA" time="0.025" errors="0" timestamp="2023-06-14T13:35:16 IST" skipped="0">
  <testcase classname="Com.TestNGa.TestA" name="aTest3" time="0.003"/>
  <system-out/>
  <testcase classname="Com.TestNGa.TestA" name="aTest2" time="0.002"/>
  <system-out/>
  <testcase classname="Com.TestNGa.TestA" name="aTest4" time="0.001"/>
  <system-out/>
  <testcase classname="Com.TestNGa.TestA" name="aTest1" time="0.017"/>
  <system-out/>
  <testcase classname="Com.TestNGa.TestA" name="aTest5" time="0.002"/>
  <system-out/>
</testsuite> <!-- Com.TestNGa.TestA -->
