<?xml version="1.0" encoding="UTF-8"?>
<!-- Generated by org.testng.reporters.JUnitReportReporter -->
<testsuite hostname="Shubham" failures="0" tests="1" name="Com.MVN.Amazone" time="12.097" errors="0" timestamp="2023-06-27T11:29:51 IST" skipped="0">
  <testcase classname="Com.MVN.Amazone" name="Test01" time="12.097"/>
  <system-out/>
</testsuite> <!-- Com.MVN.Amazone -->
