<?xml version="1.0" encoding="UTF-8"?>
<!-- Generated by org.testng.reporters.JUnitReportReporter -->
<testsuite hostname="Shubham" failures="0" tests="1" name="Com.TestNGa.POM_Framework_Test" time="15.597" errors="0" timestamp="2023-06-14T14:18:09 IST" skipped="0">
  <testcase classname="Com.TestNGa.POM_Framework_Test" name="TestD" time="15.597"/>
  <system-out/>
</testsuite> <!-- Com.TestNGa.POM_Framework_Test -->
