<?xml version="1.0" encoding="UTF-8"?>
<!-- Generated by org.testng.reporters.JUnitReportReporter -->
<testsuite hostname="Shubham" failures="0" tests="3" name="Com.TestBluestone.TestA" time="0.030" errors="0" timestamp="2023-06-27T11:50:36 IST" skipped="0">
  <testcase classname="Com.TestBluestone.TestA" name="aTest3" time="0.025"/>
  <system-out/>
  <testcase classname="Com.TestBluestone.TestA" name="aTest5" time="0.003"/>
  <system-out/>
  <testcase classname="Com.TestBluestone.TestA" name="aTest4" time="0.002"/>
  <system-out/>
</testsuite> <!-- Com.TestBluestone.TestA -->
